# JRE version: OpenJDK Runtime Environment Temurin-17.0.9+9 (17.0.9+9) (build 17.0.9+9)
# Java VM: OpenJDK 64-Bit Server VM Temurin-17.0.9+9 (17.0.9+9, mixed mode, tiered, compressed oops, compressed class ptrs, g1 gc, bsd-amd64)
GC Precious Log:
 CPUs: 8 total, 8 available
 Memory: 16384M
 Large Page Support: Disabled
 NUMA Support: Disabled
 Compressed Oops: Enabled (Zero based)
 Heap Region Size: 2M
 Heap Min Capacity: 8M
 Heap Initial Capacity: 256M
 Heap Max Capacity: 4G
 Pre-touch: Disabled
 Parallel Workers: 8
 Concurrent Workers: 2
 Concurrent Refinement Workers: 8
 Periodic GC: Disabled
Heap:
 garbage-first heap   total 454656K, used 194641K [0x0000000700000000, 0x0000000800000000)
  region size 2048K, 55 young (112640K), 2 survivors (4096K)
 Metaspace       used 29528K, committed 29696K, reserved 1114112K
  class space    used 2861K, committed 2944K, reserved 1048576K
GC Heap History (20 events):
Event: 4.357 GC heap before
{Heap before GC invocations=15 (full 2):
 garbage-first heap   total 237568K, used 202750K [0x0000000700000000, 0x0000000800000000)
  region size 2048K, 61 young (124928K), 3 survivors (6144K)
 Metaspace       used 26768K, committed 26944K, reserved 1114112K
  class space    used 2717K, committed 2816K, reserved 1048576K
}
Event: 4.359 GC heap after
{Heap after GC invocations=16 (full 2):
 garbage-first heap   total 237568K, used 83727K [0x0000000700000000, 0x0000000800000000)
  region size 2048K, 3 young (6144K), 3 survivors (6144K)
 Metaspace       used 26768K, committed 26944K, reserved 1114112K
  class space    used 2717K, committed 2816K, reserved 1048576K
}
Event: 4.365 GC heap before
{Heap before GC invocations=16 (full 2):
 garbage-first heap   total 237568K, used 85775K [0x0000000700000000, 0x0000000800000000)
  region size 2048K, 5 young (10240K), 3 survivors (6144K)
 Metaspace       used 26768K, committed 26944K, reserved 1114112K
  class space    used 2717K, committed 2816K, reserved 1048576K
}
Event: 4.366 GC heap after
{Heap after GC invocations=17 (full 2):
 garbage-first heap   total 237568K, used 83731K [0x0000000700000000, 0x0000000800000000)
  region size 2048K, 3 young (6144K), 3 survivors (6144K)
 Metaspace       used 26768K, committed 26944K, reserved 1114112K
  class space    used 2717K, committed 2816K, reserved 1048576K
}
Event: 4.456 GC heap before
{Heap before GC invocations=17 (full 2):
 garbage-first heap   total 237568K, used 136979K [0x0000000700000000, 0x0000000800000000)
  region size 2048K, 9 young (18432K), 3 survivors (6144K)
 Metaspace       used 26776K, committed 26944K, reserved 1114112K
  class space    used 2718K, committed 2816K, reserved 1048576K
}
Event: 4.458 GC heap after
{Heap after GC invocations=18 (full 2):
 garbage-first heap   total 237568K, used 16909K [0x0000000700000000, 0x0000000800000000)
  region size 2048K, 3 young (6144K), 3 survivors (6144K)
 Metaspace       used 26776K, committed 26944K, reserved 1114112K
  class space    used 2718K, committed 2816K, reserved 1048576K
}
Event: 4.607 GC heap before
{Heap before GC invocations=18 (full 2):
 garbage-first heap   total 237568K, used 190989K [0x0000000700000000, 0x0000000800000000)
  region size 2048K, 68 young (139264K), 3 survivors (6144K)
 Metaspace       used 26777K, committed 26944K, reserved 1114112K
  class space    used 2718K, committed 2816K, reserved 1048576K
}
Event: 4.609 GC heap after
{Heap after GC invocations=19 (full 2):
 garbage-first heap   total 454656K, used 34572K [0x0000000700000000, 0x0000000800000000)
  region size 2048K, 3 young (6144K), 3 survivors (6144K)
 Metaspace       used 26777K, committed 26944K, reserved 1114112K
  class space    used 2718K, committed 2816K, reserved 1048576K
}
Event: 4.919 GC heap before
{Heap before GC invocations=19 (full 2):
 garbage-first heap   total 454656K, used 335628K [0x0000000700000000, 0x0000000800000000)
  region size 2048K, 133 young (272384K), 3 survivors (6144K)
 Metaspace       used 26777K, committed 26944K, reserved 1114112K
  class space    used 2718K, committed 2816K, reserved 1048576K
}
Event: 4.922 GC heap after
{Heap after GC invocations=20 (full 2):
 garbage-first heap   total 454656K, used 51308K [0x0000000700000000, 0x0000000800000000)
  region size 2048K, 3 young (6144K), 3 survivors (6144K)
 Metaspace       used 26777K, committed 26944K, reserved 1114112K
  class space    used 2718K, committed 2816K, reserved 1048576K
}
Event: 5.207 GC heap before
{Heap before GC invocations=20 (full 2):
 garbage-first heap   total 454656K, used 385132K [0x0000000700000000, 0x0000000800000000)
  region size 2048K, 133 young (272384K), 3 survivors (6144K)
 Metaspace       used 26779K, committed 26944K, reserved 1114112K
  class space    used 2718K, committed 2816K, reserved 1048576K
}
Event: 5.209 GC heap after
{Heap after GC invocations=21 (full 2):
 garbage-first heap   total 454656K, used 83971K [0x0000000700000000, 0x0000000800000000)
  region size 2048K, 3 young (6144K), 3 survivors (6144K)
 Metaspace       used 26779K, committed 26944K, reserved 1114112K
  class space    used 2718K, committed 2816K, reserved 1048576K
}
Event: 5.514 GC heap before
{Heap before GC invocations=21 (full 2):
 garbage-first heap   total 454656K, used 430083K [0x0000000700000000, 0x0000000800000000)
  region size 2048K, 131 young (268288K), 3 survivors (6144K)
 Metaspace       used 26780K, committed 26944K, reserved 1114112K
  class space    used 2718K, committed 2816K, reserved 1048576K
}
Event: 5.518 GC heap after
{Heap after GC invocations=22 (full 2):
 garbage-first heap   total 454656K, used 35119K [0x0000000700000000, 0x0000000800000000)
  region size 2048K, 1 young (2048K), 1 survivors (2048K)
 Metaspace       used 26780K, committed 26944K, reserved 1114112K
  class space    used 2718K, committed 2816K, reserved 1048576K
}
Event: 5.768 GC heap before
{Heap before GC invocations=22 (full 2):
 garbage-first heap   total 454656K, used 340271K [0x0000000700000000, 0x0000000800000000)
  region size 2048K, 133 young (272384K), 1 survivors (2048K)
 Metaspace       used 26780K, committed 26944K, reserved 1114112K
  class space    used 2718K, committed 2816K, reserved 1048576K
}
Event: 5.769 GC heap after
{Heap after GC invocations=23 (full 2):
 garbage-first heap   total 454656K, used 50966K [0x0000000700000000, 0x0000000800000000)
  region size 2048K, 1 young (2048K), 1 survivors (2048K)
 Metaspace       used 26780K, committed 26944K, reserved 1114112K
  class space    used 2718K, committed 2816K, reserved 1048576K
}
Event: 6.025 GC heap before
{Heap before GC invocations=23 (full 2):
 garbage-first heap   total 454656K, used 388886K [0x0000000700000000, 0x0000000800000000)
  region size 2048K, 133 young (272384K), 1 survivors (2048K)
 Metaspace       used 26780K, committed 26944K, reserved 1114112K
  class space    used 2718K, committed 2816K, reserved 1048576K
}
Event: 6.026 GC heap after
{Heap after GC invocations=24 (full 2):
 garbage-first heap   total 454656K, used 83721K [0x0000000700000000, 0x0000000800000000)
  region size 2048K, 1 young (2048K), 1 survivors (2048K)
 Metaspace       used 26780K, committed 26944K, reserved 1114112K
  class space    used 2718K, committed 2816K, reserved 1048576K
}
Event: 6.749 GC heap before
{Heap before GC invocations=24 (full 2):
 garbage-first heap   total 454656K, used 349961K [0x0000000700000000, 0x0000000800000000)
  region size 2048K, 79 young (161792K), 1 survivors (2048K)
 Metaspace       used 27754K, committed 27968K, reserved 1114112K
  class space    used 2799K, committed 2880K, reserved 1048576K
}
Event: 6.751 GC heap after
{Heap after GC invocations=25 (full 2):
 garbage-first heap   total 454656K, used 22609K [0x0000000700000000, 0x0000000800000000)
  region size 2048K, 2 young (4096K), 2 survivors (4096K)
 Metaspace       used 27754K, committed 27968K, reserved 1114112K
  class space    used 2799K, committed 2880K, reserved 1048576K
}

