# JRE version: OpenJDK Runtime Environment Temurin-17.0.9+9 (17.0.9+9) (build 17.0.9+9)
# Java VM: OpenJDK 64-Bit Server VM Temurin-17.0.9+9 (17.0.9+9, mixed mode, tiered, compressed oops, compressed class ptrs, g1 gc, bsd-amd64)
GC Precious Log:
 CPUs: 8 total, 8 available
 Memory: 16384M
 Large Page Support: Disabled
 NUMA Support: Disabled
 Compressed Oops: Enabled (Zero based)
 Heap Region Size: 2M
 Heap Min Capacity: 8M
 Heap Initial Capacity: 256M
 Heap Max Capacity: 4G
 Pre-touch: Disabled
 Parallel Workers: 8
 Concurrent Workers: 2
 Concurrent Refinement Workers: 8
 Periodic GC: Disabled
Heap:
 garbage-first heap   total 452608K, used 193420K [0x0000000700000000, 0x0000000800000000)
  region size 2048K, 54 young (110592K), 2 survivors (4096K)
 Metaspace       used 29666K, committed 29824K, reserved 1114112K
  class space    used 2861K, committed 2944K, reserved 1048576K
GC Heap History (20 events):
Event: 4.978 GC heap before
{Heap before GC invocations=14 (full 2):
 garbage-first heap   total 233472K, used 219840K [0x0000000700000000, 0x0000000800000000)
  region size 2048K, 53 young (108544K), 3 survivors (6144K)
 Metaspace       used 26873K, committed 27072K, reserved 1114112K
  class space    used 2717K, committed 2816K, reserved 1048576K
}
Event: 4.980 GC heap after
{Heap after GC invocations=15 (full 2):
 garbage-first heap   total 233472K, used 84620K [0x0000000700000000, 0x0000000800000000)
  region size 2048K, 3 young (6144K), 3 survivors (6144K)
 Metaspace       used 26873K, committed 27072K, reserved 1114112K
  class space    used 2717K, committed 2816K, reserved 1048576K
}
Event: 5.045 GC heap before
{Heap before GC invocations=15 (full 2):
 garbage-first heap   total 233472K, used 150156K [0x0000000700000000, 0x0000000800000000)
  region size 2048K, 36 young (73728K), 3 survivors (6144K)
 Metaspace       used 26874K, committed 27072K, reserved 1114112K
  class space    used 2717K, committed 2816K, reserved 1048576K
}
Event: 5.047 GC heap after
{Heap after GC invocations=16 (full 2):
 garbage-first heap   total 233472K, used 84824K [0x0000000700000000, 0x0000000800000000)
  region size 2048K, 3 young (6144K), 3 survivors (6144K)
 Metaspace       used 26874K, committed 27072K, reserved 1114112K
  class space    used 2717K, committed 2816K, reserved 1048576K
}
Event: 5.134 GC heap before
{Heap before GC invocations=16 (full 2):
 garbage-first heap   total 233472K, used 138072K [0x0000000700000000, 0x0000000800000000)
  region size 2048K, 9 young (18432K), 3 survivors (6144K)
 Metaspace       used 26883K, committed 27072K, reserved 1114112K
  class space    used 2718K, committed 2816K, reserved 1048576K
}
Event: 5.136 GC heap after
{Heap after GC invocations=17 (full 2):
 garbage-first heap   total 233472K, used 17628K [0x0000000700000000, 0x0000000800000000)
  region size 2048K, 3 young (6144K), 3 survivors (6144K)
 Metaspace       used 26883K, committed 27072K, reserved 1114112K
  class space    used 2718K, committed 2816K, reserved 1048576K
}
Event: 5.282 GC heap before
{Heap before GC invocations=17 (full 2):
 garbage-first heap   total 233472K, used 189660K [0x0000000700000000, 0x0000000800000000)
  region size 2048K, 67 young (137216K), 3 survivors (6144K)
 Metaspace       used 26884K, committed 27072K, reserved 1114112K
  class space    used 2718K, committed 2816K, reserved 1048576K
}
Event: 5.284 GC heap after
{Heap after GC invocations=18 (full 2):
 garbage-first heap   total 385024K, used 35654K [0x0000000700000000, 0x0000000800000000)
  region size 2048K, 3 young (6144K), 3 survivors (6144K)
 Metaspace       used 26884K, committed 27072K, reserved 1114112K
  class space    used 2718K, committed 2816K, reserved 1048576K
}
Event: 5.534 GC heap before
{Heap before GC invocations=18 (full 2):
 garbage-first heap   total 385024K, used 293702K [0x0000000700000000, 0x0000000800000000)
  region size 2048K, 112 young (229376K), 3 survivors (6144K)
 Metaspace       used 26884K, committed 27072K, reserved 1114112K
  class space    used 2718K, committed 2816K, reserved 1048576K
}
Event: 5.537 GC heap after
{Heap after GC invocations=19 (full 2):
 garbage-first heap   total 385024K, used 52153K [0x0000000700000000, 0x0000000800000000)
  region size 2048K, 3 young (6144K), 3 survivors (6144K)
 Metaspace       used 26884K, committed 27072K, reserved 1114112K
  class space    used 2718K, committed 2816K, reserved 1048576K
}
Event: 5.768 GC heap before
{Heap before GC invocations=19 (full 2):
 garbage-first heap   total 452608K, used 342969K [0x0000000700000000, 0x0000000800000000)
  region size 2048K, 112 young (229376K), 3 survivors (6144K)
 Metaspace       used 26885K, committed 27072K, reserved 1114112K
  class space    used 2718K, committed 2816K, reserved 1048576K
}
Event: 5.770 GC heap after
{Heap after GC invocations=20 (full 2):
 garbage-first heap   total 452608K, used 84797K [0x0000000700000000, 0x0000000800000000)
  region size 2048K, 3 young (6144K), 3 survivors (6144K)
 Metaspace       used 26885K, committed 27072K, reserved 1114112K
  class space    used 2718K, committed 2816K, reserved 1048576K
}
Event: 6.044 GC heap before
{Heap before GC invocations=20 (full 2):
 garbage-first heap   total 452608K, used 416573K [0x0000000700000000, 0x0000000800000000)
  region size 2048K, 132 young (270336K), 3 survivors (6144K)
 Metaspace       used 26886K, committed 27072K, reserved 1114112K
  class space    used 2718K, committed 2816K, reserved 1048576K
}
Event: 6.046 GC heap after
{Heap after GC invocations=21 (full 2):
 garbage-first heap   total 452608K, used 27470K [0x0000000700000000, 0x0000000800000000)
  region size 2048K, 3 young (6144K), 3 survivors (6144K)
 Metaspace       used 26886K, committed 27072K, reserved 1114112K
  class space    used 2718K, committed 2816K, reserved 1048576K
}
Event: 6.285 GC heap before
{Heap before GC invocations=21 (full 2):
 garbage-first heap   total 452608K, used 344910K [0x0000000700000000, 0x0000000800000000)
  region size 2048K, 132 young (270336K), 3 survivors (6144K)
 Metaspace       used 26886K, committed 27072K, reserved 1114112K
  class space    used 2718K, committed 2816K, reserved 1048576K
}
Event: 6.288 GC heap after
{Heap after GC invocations=22 (full 2):
 garbage-first heap   total 452608K, used 52345K [0x0000000700000000, 0x0000000800000000)
  region size 2048K, 1 young (2048K), 1 survivors (2048K)
 Metaspace       used 26886K, committed 27072K, reserved 1114112K
  class space    used 2718K, committed 2816K, reserved 1048576K
}
Event: 6.536 GC heap before
{Heap before GC invocations=22 (full 2):
 garbage-first heap   total 452608K, used 388217K [0x0000000700000000, 0x0000000800000000)
  region size 2048K, 132 young (270336K), 1 survivors (2048K)
 Metaspace       used 26886K, committed 27072K, reserved 1114112K
  class space    used 2718K, committed 2816K, reserved 1048576K
}
Event: 6.537 GC heap after
{Heap after GC invocations=23 (full 2):
 garbage-first heap   total 452608K, used 84513K [0x0000000700000000, 0x0000000800000000)
  region size 2048K, 1 young (2048K), 1 survivors (2048K)
 Metaspace       used 26886K, committed 27072K, reserved 1114112K
  class space    used 2718K, committed 2816K, reserved 1048576K
}
Event: 7.346 GC heap before
{Heap before GC invocations=23 (full 2):
 garbage-first heap   total 452608K, used 438817K [0x0000000700000000, 0x0000000800000000)
  region size 2048K, 123 young (251904K), 1 survivors (2048K)
 Metaspace       used 27882K, committed 28096K, reserved 1114112K
  class space    used 2799K, committed 2880K, reserved 1048576K
}
Event: 7.349 GC heap after
{Heap after GC invocations=24 (full 2):
 garbage-first heap   total 452608K, used 23436K [0x0000000700000000, 0x0000000800000000)
  region size 2048K, 2 young (4096K), 2 survivors (4096K)
 Metaspace       used 27882K, committed 28096K, reserved 1114112K
  class space    used 2799K, committed 2880K, reserved 1048576K
}

