# JRE version: OpenJDK Runtime Environment Temurin-17.0.9+9 (17.0.9+9) (build 17.0.9+9)
# Java VM: OpenJDK 64-Bit Server VM Temurin-17.0.9+9 (17.0.9+9, mixed mode, tiered, compressed oops, compressed class ptrs, g1 gc, bsd-amd64)
GC Precious Log:
 CPUs: 8 total, 8 available
 Memory: 16384M
 Large Page Support: Disabled
 NUMA Support: Disabled
 Compressed Oops: Enabled (Zero based)
 Heap Region Size: 2M
 Heap Min Capacity: 8M
 Heap Initial Capacity: 256M
 Heap Max Capacity: 4G
 Pre-touch: Disabled
 Parallel Workers: 8
 Concurrent Workers: 2
 Concurrent Refinement Workers: 8
 Periodic GC: Disabled
Heap:
 garbage-first heap   total 372736K, used 316967K [0x0000000700000000, 0x0000000800000000)
  region size 2048K, 87 young (178176K), 1 survivors (2048K)
 Metaspace       used 29141K, committed 29440K, reserved 1114112K
  class space    used 2870K, committed 3008K, reserved 1048576K
GC Heap History (20 events):
Event: 5.399 GC heap before
{Heap before GC invocations=17 (full 2):
 garbage-first heap   total 253952K, used 200545K [0x0000000700000000, 0x0000000800000000)
  region size 2048K, 72 young (147456K), 3 survivors (6144K)
 Metaspace       used 26814K, committed 27008K, reserved 1114112K
  class space    used 2729K, committed 2816K, reserved 1048576K
}
Event: 5.401 GC heap after
{Heap after GC invocations=18 (full 2):
 garbage-first heap   total 253952K, used 36273K [0x0000000700000000, 0x0000000800000000)
  region size 2048K, 2 young (4096K), 2 survivors (4096K)
 Metaspace       used 26814K, committed 27008K, reserved 1114112K
  class space    used 2729K, committed 2816K, reserved 1048576K
}
Event: 5.541 GC heap before
{Heap before GC invocations=18 (full 2):
 garbage-first heap   total 253952K, used 216497K [0x0000000700000000, 0x0000000800000000)
  region size 2048K, 73 young (149504K), 2 survivors (4096K)
 Metaspace       used 26814K, committed 27008K, reserved 1114112K
  class space    used 2729K, committed 2816K, reserved 1048576K
}
Event: 5.542 GC heap after
{Heap after GC invocations=19 (full 2):
 garbage-first heap   total 253952K, used 52519K [0x0000000700000000, 0x0000000800000000)
  region size 2048K, 2 young (4096K), 2 survivors (4096K)
 Metaspace       used 26814K, committed 27008K, reserved 1114112K
  class space    used 2729K, committed 2816K, reserved 1048576K
}
Event: 5.673 GC heap before
{Heap before GC invocations=19 (full 2):
 garbage-first heap   total 253952K, used 189735K [0x0000000700000000, 0x0000000800000000)
  region size 2048K, 69 young (141312K), 2 survivors (4096K)
 Metaspace       used 26814K, committed 27008K, reserved 1114112K
  class space    used 2729K, committed 2816K, reserved 1048576K
}
Event: 5.674 GC heap after
{Heap after GC invocations=20 (full 2):
 garbage-first heap   total 305152K, used 52645K [0x0000000700000000, 0x0000000800000000)
  region size 2048K, 2 young (4096K), 2 survivors (4096K)
 Metaspace       used 26814K, committed 27008K, reserved 1114112K
  class space    used 2729K, committed 2816K, reserved 1048576K
}
Event: 5.844 GC heap before
{Heap before GC invocations=20 (full 2):
 garbage-first heap   total 305152K, used 282021K [0x0000000700000000, 0x0000000800000000)
  region size 2048K, 82 young (167936K), 2 survivors (4096K)
 Metaspace       used 26815K, committed 27008K, reserved 1114112K
  class space    used 2729K, committed 2816K, reserved 1048576K
}
Event: 5.846 GC heap after
{Heap after GC invocations=21 (full 2):
 garbage-first heap   total 305152K, used 85342K [0x0000000700000000, 0x0000000800000000)
  region size 2048K, 1 young (2048K), 1 survivors (2048K)
 Metaspace       used 26815K, committed 27008K, reserved 1114112K
  class space    used 2729K, committed 2816K, reserved 1048576K
}
Event: 5.992 GC heap before
{Heap before GC invocations=21 (full 2):
 garbage-first heap   total 305152K, used 243038K [0x0000000700000000, 0x0000000800000000)
  region size 2048K, 79 young (161792K), 1 survivors (2048K)
 Metaspace       used 26815K, committed 27008K, reserved 1114112K
  class space    used 2729K, committed 2816K, reserved 1048576K
}
Event: 5.994 GC heap after
{Heap after GC invocations=22 (full 2):
 garbage-first heap   total 305152K, used 85405K [0x0000000700000000, 0x0000000800000000)
  region size 2048K, 1 young (2048K), 1 survivors (2048K)
 Metaspace       used 26815K, committed 27008K, reserved 1114112K
  class space    used 2729K, committed 2816K, reserved 1048576K
}
Event: 6.060 GC heap before
{Heap before GC invocations=22 (full 2):
 garbage-first heap   total 305152K, used 171421K [0x0000000700000000, 0x0000000800000000)
  region size 2048K, 19 young (38912K), 1 survivors (2048K)
 Metaspace       used 26816K, committed 27008K, reserved 1114112K
  class space    used 2729K, committed 2816K, reserved 1048576K
}
Event: 6.061 GC heap after
{Heap after GC invocations=23 (full 2):
 garbage-first heap   total 305152K, used 21859K [0x0000000700000000, 0x0000000800000000)
  region size 2048K, 1 young (2048K), 1 survivors (2048K)
 Metaspace       used 26816K, committed 27008K, reserved 1114112K
  class space    used 2729K, committed 2816K, reserved 1048576K
}
Event: 6.220 GC heap before
{Heap before GC invocations=23 (full 2):
 garbage-first heap   total 305152K, used 232803K [0x0000000700000000, 0x0000000800000000)
  region size 2048K, 87 young (178176K), 1 survivors (2048K)
 Metaspace       used 26816K, committed 27008K, reserved 1114112K
  class space    used 2729K, committed 2816K, reserved 1048576K
}
Event: 6.221 GC heap after
{Heap after GC invocations=24 (full 2):
 garbage-first heap   total 305152K, used 36187K [0x0000000700000000, 0x0000000800000000)
  region size 2048K, 1 young (2048K), 1 survivors (2048K)
 Metaspace       used 26816K, committed 27008K, reserved 1114112K
  class space    used 2729K, committed 2816K, reserved 1048576K
}
Event: 6.382 GC heap before
{Heap before GC invocations=24 (full 2):
 garbage-first heap   total 305152K, used 251227K [0x0000000700000000, 0x0000000800000000)
  region size 2048K, 89 young (182272K), 1 survivors (2048K)
 Metaspace       used 26816K, committed 27008K, reserved 1114112K
  class space    used 2729K, committed 2816K, reserved 1048576K
}
Event: 6.383 GC heap after
{Heap after GC invocations=25 (full 2):
 garbage-first heap   total 305152K, used 52561K [0x0000000700000000, 0x0000000800000000)
  region size 2048K, 1 young (2048K), 1 survivors (2048K)
 Metaspace       used 26816K, committed 27008K, reserved 1114112K
  class space    used 2729K, committed 2816K, reserved 1048576K
}
Event: 6.557 GC heap before
{Heap before GC invocations=25 (full 2):
 garbage-first heap   total 372736K, used 296273K [0x0000000700000000, 0x0000000800000000)
  region size 2048K, 87 young (178176K), 1 survivors (2048K)
 Metaspace       used 26816K, committed 27008K, reserved 1114112K
  class space    used 2729K, committed 2816K, reserved 1048576K
}
Event: 6.558 GC heap after
{Heap after GC invocations=26 (full 2):
 garbage-first heap   total 372736K, used 85294K [0x0000000700000000, 0x0000000800000000)
  region size 2048K, 1 young (2048K), 1 survivors (2048K)
 Metaspace       used 26816K, committed 27008K, reserved 1114112K
  class space    used 2729K, committed 2816K, reserved 1048576K
}
Event: 6.899 GC heap before
{Heap before GC invocations=26 (full 2):
 garbage-first heap   total 372736K, used 343342K [0x0000000700000000, 0x0000000800000000)
  region size 2048K, 104 young (212992K), 1 survivors (2048K)
 Metaspace       used 26913K, committed 27072K, reserved 1114112K
  class space    used 2736K, committed 2816K, reserved 1048576K
}
Event: 6.900 GC heap after
{Heap after GC invocations=27 (full 2):
 garbage-first heap   total 372736K, used 17959K [0x0000000700000000, 0x0000000800000000)
  region size 2048K, 1 young (2048K), 1 survivors (2048K)
 Metaspace       used 26913K, committed 27072K, reserved 1114112K
  class space    used 2736K, committed 2816K, reserved 1048576K
}

