# JRE version: OpenJDK Runtime Environment Temurin-17.0.9+9 (17.0.9+9) (build 17.0.9+9)
# Java VM: OpenJDK 64-Bit Server VM Temurin-17.0.9+9 (17.0.9+9, mixed mode, tiered, compressed oops, compressed class ptrs, g1 gc, bsd-amd64)
GC Precious Log:
 CPUs: 8 total, 8 available
 Memory: 16384M
 Large Page Support: Disabled
 NUMA Support: Disabled
 Compressed Oops: Enabled (Zero based)
 Heap Region Size: 2M
 Heap Min Capacity: 8M
 Heap Initial Capacity: 256M
 Heap Max Capacity: 4G
 Pre-touch: Disabled
 Parallel Workers: 8
 Concurrent Workers: 2
 Concurrent Refinement Workers: 8
 Periodic GC: Disabled
Heap:
 garbage-first heap   total 303104K, used 63094K [0x0000000700000000, 0x0000000800000000)
  region size 2048K, 22 young (45056K), 2 survivors (4096K)
 Metaspace       used 29521K, committed 29824K, reserved 1114112K
  class space    used 2876K, committed 3008K, reserved 1048576K
GC Heap History (20 events):
Event: 5.504 GC heap before
{Heap before GC invocations=18 (full 2):
 garbage-first heap   total 245760K, used 211648K [0x0000000700000000, 0x0000000800000000)
  region size 2048K, 72 young (147456K), 3 survivors (6144K)
 Metaspace       used 26808K, committed 27008K, reserved 1114112K
  class space    used 2732K, committed 2816K, reserved 1048576K
}
Event: 5.506 GC heap after
{Heap after GC invocations=19 (full 2):
 garbage-first heap   total 303104K, used 52041K [0x0000000700000000, 0x0000000800000000)
  region size 2048K, 3 young (6144K), 3 survivors (6144K)
 Metaspace       used 26808K, committed 27008K, reserved 1114112K
  class space    used 2732K, committed 2816K, reserved 1048576K
}
Event: 5.688 GC heap before
{Heap before GC invocations=19 (full 2):
 garbage-first heap   total 303104K, used 226121K [0x0000000700000000, 0x0000000800000000)
  region size 2048K, 88 young (180224K), 3 survivors (6144K)
 Metaspace       used 26808K, committed 27008K, reserved 1114112K
  class space    used 2732K, committed 2816K, reserved 1048576K
}
Event: 5.689 GC heap after
{Heap after GC invocations=20 (full 2):
 garbage-first heap   total 303104K, used 51995K [0x0000000700000000, 0x0000000800000000)
  region size 2048K, 3 young (6144K), 3 survivors (6144K)
 Metaspace       used 26808K, committed 27008K, reserved 1114112K
  class space    used 2732K, committed 2816K, reserved 1048576K
}
Event: 5.849 GC heap before
{Heap before GC invocations=20 (full 2):
 garbage-first heap   total 303104K, used 279323K [0x0000000700000000, 0x0000000800000000)
  region size 2048K, 82 young (167936K), 3 survivors (6144K)
 Metaspace       used 26810K, committed 27008K, reserved 1114112K
  class space    used 2732K, committed 2816K, reserved 1048576K
}
Event: 5.851 GC heap after
{Heap after GC invocations=21 (full 2):
 garbage-first heap   total 303104K, used 84900K [0x0000000700000000, 0x0000000800000000)
  region size 2048K, 3 young (6144K), 3 survivors (6144K)
 Metaspace       used 26810K, committed 27008K, reserved 1114112K
  class space    used 2732K, committed 2816K, reserved 1048576K
}
Event: 6.023 GC heap before
{Heap before GC invocations=21 (full 2):
 garbage-first heap   total 303104K, used 279460K [0x0000000700000000, 0x0000000800000000)
  region size 2048K, 76 young (155648K), 3 survivors (6144K)
 Metaspace       used 26810K, committed 27008K, reserved 1114112K
  class space    used 2732K, committed 2816K, reserved 1048576K
}
Event: 6.027 GC heap after
{Heap after GC invocations=22 (full 2):
 garbage-first heap   total 303104K, used 19474K [0x0000000700000000, 0x0000000800000000)
  region size 2048K, 1 young (2048K), 1 survivors (2048K)
 Metaspace       used 26810K, committed 27008K, reserved 1114112K
  class space    used 2732K, committed 2816K, reserved 1048576K
}
Event: 6.192 GC heap before
{Heap before GC invocations=22 (full 2):
 garbage-first heap   total 303104K, used 236562K [0x0000000700000000, 0x0000000800000000)
  region size 2048K, 88 young (180224K), 1 survivors (2048K)
 Metaspace       used 26810K, committed 27008K, reserved 1114112K
  class space    used 2732K, committed 2816K, reserved 1048576K
}
Event: 6.193 GC heap after
{Heap after GC invocations=23 (full 2):
 garbage-first heap   total 303104K, used 35458K [0x0000000700000000, 0x0000000800000000)
  region size 2048K, 1 young (2048K), 1 survivors (2048K)
 Metaspace       used 26810K, committed 27008K, reserved 1114112K
  class space    used 2732K, committed 2816K, reserved 1048576K
}
Event: 6.357 GC heap before
{Heap before GC invocations=23 (full 2):
 garbage-first heap   total 303104K, used 248450K [0x0000000700000000, 0x0000000800000000)
  region size 2048K, 88 young (180224K), 1 survivors (2048K)
 Metaspace       used 26810K, committed 27008K, reserved 1114112K
  class space    used 2732K, committed 2816K, reserved 1048576K
}
Event: 6.358 GC heap after
{Heap after GC invocations=24 (full 2):
 garbage-first heap   total 303104K, used 51816K [0x0000000700000000, 0x0000000800000000)
  region size 2048K, 1 young (2048K), 1 survivors (2048K)
 Metaspace       used 26810K, committed 27008K, reserved 1114112K
  class space    used 2732K, committed 2816K, reserved 1048576K
}
Event: 6.518 GC heap before
{Heap before GC invocations=24 (full 2):
 garbage-first heap   total 303104K, used 227944K [0x0000000700000000, 0x0000000800000000)
  region size 2048K, 88 young (180224K), 1 survivors (2048K)
 Metaspace       used 26810K, committed 27008K, reserved 1114112K
  class space    used 2732K, committed 2816K, reserved 1048576K
}
Event: 6.519 GC heap after
{Heap after GC invocations=25 (full 2):
 garbage-first heap   total 303104K, used 51792K [0x0000000700000000, 0x0000000800000000)
  region size 2048K, 1 young (2048K), 1 survivors (2048K)
 Metaspace       used 26810K, committed 27008K, reserved 1114112K
  class space    used 2732K, committed 2816K, reserved 1048576K
}
Event: 6.685 GC heap before
{Heap before GC invocations=25 (full 2):
 garbage-first heap   total 303104K, used 291408K [0x0000000700000000, 0x0000000800000000)
  region size 2048K, 86 young (176128K), 1 survivors (2048K)
 Metaspace       used 26810K, committed 27008K, reserved 1114112K
  class space    used 2732K, committed 2816K, reserved 1048576K
}
Event: 6.686 GC heap after
{Heap after GC invocations=26 (full 2):
 garbage-first heap   total 303104K, used 84521K [0x0000000700000000, 0x0000000800000000)
  region size 2048K, 1 young (2048K), 1 survivors (2048K)
 Metaspace       used 26810K, committed 27008K, reserved 1114112K
  class space    used 2732K, committed 2816K, reserved 1048576K
}
Event: 6.920 GC heap before
{Heap before GC invocations=26 (full 2):
 garbage-first heap   total 303104K, used 193065K [0x0000000700000000, 0x0000000800000000)
  region size 2048K, 30 young (61440K), 1 survivors (2048K)
 Metaspace       used 27052K, committed 27200K, reserved 1114112K
  class space    used 2751K, committed 2816K, reserved 1048576K
}
Event: 6.922 GC heap after
{Heap after GC invocations=27 (full 2):
 garbage-first heap   total 303104K, used 17388K [0x0000000700000000, 0x0000000800000000)
  region size 2048K, 1 young (2048K), 1 survivors (2048K)
 Metaspace       used 27052K, committed 27200K, reserved 1114112K
  class space    used 2751K, committed 2816K, reserved 1048576K
}
Event: 7.773 GC heap before
{Heap before GC invocations=27 (full 2):
 garbage-first heap   total 303104K, used 289772K [0x0000000700000000, 0x0000000800000000)
  region size 2048K, 78 young (159744K), 1 survivors (2048K)
 Metaspace       used 27840K, committed 28096K, reserved 1114112K
  class space    used 2816K, committed 2944K, reserved 1048576K
}
Event: 7.775 GC heap after
{Heap after GC invocations=28 (full 2):
 garbage-first heap   total 303104K, used 20086K [0x0000000700000000, 0x0000000800000000)
  region size 2048K, 2 young (4096K), 2 survivors (4096K)
 Metaspace       used 27840K, committed 28096K, reserved 1114112K
  class space    used 2816K, committed 2944K, reserved 1048576K
}

