# JRE version: OpenJDK Runtime Environment Temurin-17.0.9+9 (17.0.9+9) (build 17.0.9+9)
# Java VM: OpenJDK 64-Bit Server VM Temurin-17.0.9+9 (17.0.9+9, mixed mode, tiered, compressed oops, compressed class ptrs, g1 gc, bsd-amd64)
GC Precious Log:
 CPUs: 8 total, 8 available
 Memory: 8192M
 Large Page Support: Disabled
 NUMA Support: Disabled
 Compressed Oops: Enabled (Zero based)
 Heap Region Size: 1M
 Heap Min Capacity: 8M
 Heap Initial Capacity: 128M
 Heap Max Capacity: 2G
 Pre-touch: Disabled
 Parallel Workers: 8
 Concurrent Workers: 2
 Concurrent Refinement Workers: 8
 Periodic GC: Disabled
Heap:
 garbage-first heap   total 236544K, used 214208K [0x0000000780000000, 0x0000000800000000)
  region size 1024K, 115 young (117760K), 10 survivors (10240K)
 Metaspace       used 30450K, committed 30720K, reserved 1114112K
  class space    used 2960K, committed 3072K, reserved 1048576K
GC Heap History (20 events):
Event: 22.758 GC heap before
{Heap before GC invocations=35 (full 2):
 garbage-first heap   total 194560K, used 132335K [0x0000000780000000, 0x0000000800000000)
  region size 1024K, 7 young (7168K), 1 survivors (1024K)
 Metaspace       used 27165K, committed 27328K, reserved 1114112K
  class space    used 2732K, committed 2816K, reserved 1048576K
}
Event: 22.759 GC heap after
{Heap after GC invocations=36 (full 2):
 garbage-first heap   total 235520K, used 15875K [0x0000000780000000, 0x0000000800000000)
  region size 1024K, 2 young (2048K), 2 survivors (2048K)
 Metaspace       used 27165K, committed 27328K, reserved 1114112K
  class space    used 2732K, committed 2816K, reserved 1048576K
}
Event: 22.898 GC heap before
{Heap before GC invocations=36 (full 2):
 garbage-first heap   total 235520K, used 138755K [0x0000000780000000, 0x0000000800000000)
  region size 1024K, 102 young (104448K), 2 survivors (2048K)
 Metaspace       used 27165K, committed 27328K, reserved 1114112K
  class space    used 2732K, committed 2816K, reserved 1048576K
}
Event: 22.899 GC heap after
{Heap after GC invocations=37 (full 2):
 garbage-first heap   total 235520K, used 24765K [0x0000000780000000, 0x0000000800000000)
  region size 1024K, 1 young (1024K), 1 survivors (1024K)
 Metaspace       used 27165K, committed 27328K, reserved 1114112K
  class space    used 2732K, committed 2816K, reserved 1048576K
}
Event: 23.034 GC heap before
{Heap before GC invocations=37 (full 2):
 garbage-first heap   total 235520K, used 151741K [0x0000000780000000, 0x0000000800000000)
  region size 1024K, 108 young (110592K), 1 survivors (1024K)
 Metaspace       used 27165K, committed 27328K, reserved 1114112K
  class space    used 2732K, committed 2816K, reserved 1048576K
}
Event: 23.035 GC heap after
{Heap after GC invocations=38 (full 2):
 garbage-first heap   total 235520K, used 32997K [0x0000000780000000, 0x0000000800000000)
  region size 1024K, 1 young (1024K), 1 survivors (1024K)
 Metaspace       used 27165K, committed 27328K, reserved 1114112K
  class space    used 2732K, committed 2816K, reserved 1048576K
}
Event: 23.185 GC heap before
{Heap before GC invocations=38 (full 2):
 garbage-first heap   total 235520K, used 185573K [0x0000000780000000, 0x0000000800000000)
  region size 1024K, 117 young (119808K), 1 survivors (1024K)
 Metaspace       used 27165K, committed 27328K, reserved 1114112K
  class space    used 2732K, committed 2816K, reserved 1048576K
}
Event: 23.186 GC heap after
{Heap after GC invocations=39 (full 2):
 garbage-first heap   total 235520K, used 49393K [0x0000000780000000, 0x0000000800000000)
  region size 1024K, 1 young (1024K), 1 survivors (1024K)
 Metaspace       used 27165K, committed 27328K, reserved 1114112K
  class space    used 2732K, committed 2816K, reserved 1048576K
}
Event: 23.328 GC heap before
{Heap before GC invocations=39 (full 2):
 garbage-first heap   total 235520K, used 164081K [0x0000000780000000, 0x0000000800000000)
  region size 1024K, 113 young (115712K), 1 survivors (1024K)
 Metaspace       used 27165K, committed 27328K, reserved 1114112K
  class space    used 2732K, committed 2816K, reserved 1048576K
}
Event: 23.329 GC heap after
{Heap after GC invocations=40 (full 2):
 garbage-first heap   total 235520K, used 49389K [0x0000000780000000, 0x0000000800000000)
  region size 1024K, 1 young (1024K), 1 survivors (1024K)
 Metaspace       used 27165K, committed 27328K, reserved 1114112K
  class space    used 2732K, committed 2816K, reserved 1048576K
}
Event: 23.451 GC heap before
{Heap before GC invocations=40 (full 2):
 garbage-first heap   total 235520K, used 150765K [0x0000000780000000, 0x0000000800000000)
  region size 1024K, 101 young (103424K), 1 survivors (1024K)
 Metaspace       used 27172K, committed 27328K, reserved 1114112K
  class space    used 2732K, committed 2816K, reserved 1048576K
}
Event: 23.452 GC heap after
{Heap after GC invocations=41 (full 2):
 garbage-first heap   total 235520K, used 49392K [0x0000000780000000, 0x0000000800000000)
  region size 1024K, 1 young (1024K), 1 survivors (1024K)
 Metaspace       used 27172K, committed 27328K, reserved 1114112K
  class space    used 2732K, committed 2816K, reserved 1048576K
}
Event: 23.584 GC heap before
{Heap before GC invocations=41 (full 2):
 garbage-first heap   total 235520K, used 217328K [0x0000000780000000, 0x0000000800000000)
  region size 1024K, 101 young (103424K), 1 survivors (1024K)
 Metaspace       used 27172K, committed 27328K, reserved 1114112K
  class space    used 2732K, committed 2816K, reserved 1048576K
}
Event: 23.585 GC heap after
{Heap after GC invocations=42 (full 2):
 garbage-first heap   total 235520K, used 82174K [0x0000000780000000, 0x0000000800000000)
  region size 1024K, 1 young (1024K), 1 survivors (1024K)
 Metaspace       used 27172K, committed 27328K, reserved 1114112K
  class space    used 2732K, committed 2816K, reserved 1048576K
}
Event: 23.709 GC heap before
{Heap before GC invocations=42 (full 2):
 garbage-first heap   total 235520K, used 185598K [0x0000000780000000, 0x0000000800000000)
  region size 1024K, 103 young (105472K), 1 survivors (1024K)
 Metaspace       used 27172K, committed 27328K, reserved 1114112K
  class space    used 2732K, committed 2816K, reserved 1048576K
}
Event: 23.709 GC heap after
{Heap after GC invocations=43 (full 2):
 garbage-first heap   total 235520K, used 82140K [0x0000000780000000, 0x0000000800000000)
  region size 1024K, 1 young (1024K), 1 survivors (1024K)
 Metaspace       used 27172K, committed 27328K, reserved 1114112K
  class space    used 2732K, committed 2816K, reserved 1048576K
}
Event: 23.832 GC heap before
{Heap before GC invocations=43 (full 2):
 garbage-first heap   total 235520K, used 134364K [0x0000000780000000, 0x0000000800000000)
  region size 1024K, 9 young (9216K), 1 survivors (1024K)
 Metaspace       used 27175K, committed 27328K, reserved 1114112K
  class space    used 2732K, committed 2816K, reserved 1048576K
}
Event: 23.833 GC heap after
{Heap after GC invocations=44 (full 2):
 garbage-first heap   total 235520K, used 15613K [0x0000000780000000, 0x0000000800000000)
  region size 1024K, 1 young (1024K), 1 survivors (1024K)
 Metaspace       used 27175K, committed 27328K, reserved 1114112K
  class space    used 2732K, committed 2816K, reserved 1048576K
}
Event: 25.575 GC heap before
{Heap before GC invocations=44 (full 2):
 garbage-first heap   total 235520K, used 221437K [0x0000000780000000, 0x0000000800000000)
  region size 1024K, 134 young (137216K), 1 survivors (1024K)
 Metaspace       used 29381K, committed 29632K, reserved 1114112K
  class space    used 2910K, committed 3008K, reserved 1048576K
}
Event: 25.582 GC heap after
{Heap after GC invocations=45 (full 2):
 garbage-first heap   total 236544K, used 41152K [0x0000000780000000, 0x0000000800000000)
  region size 1024K, 10 young (10240K), 10 survivors (10240K)
 Metaspace       used 29381K, committed 29632K, reserved 1114112K
  class space    used 2910K, committed 3008K, reserved 1048576K
}

